________________________________________________________________________________
Frame3DD version: 20140514+               http://frame3dd.sf.net/
GPL Copyright (C) 1992-2015, Henri P. Gavin 
Frame3DD is distributed in the hope that it will be useful but with no warranty.
For details see the GNU Public Licence: http://www.fsf.org/copyleft/gpl.html
________________________________________________________________________________

Input Data file for Frame3DD - 3D structural frame analysis (lbf  in  lb  s  °F  ° lbf/in^2) 
Sat Jan 08 17:42:47 2022
________________________________________________________________________________
In 2D problems the Y-axis is vertical.  In 3D problems the Z-axis is vertical.
________________________________________________________________________________
   12 NODES             12 FIXED NODES       21 FRAME ELEMENTS   2 LOAD CASES   
________________________________________________________________________________
N O D E   D A T A                                           R E S T R A I N T S
  Node       X              Y              Z         radius  Fx Fy Fz Mx My Mz
    1      18.288000       0.000000       0.000000    0.000   1  1  1  1  1  0
    2      15.240000       0.000000       0.000000    0.000   0  0  1  1  1  0
    3      15.240000       3.048000       0.000000    0.000   0  0  1  1  1  0
    4      12.192000       0.000000       0.000000    0.000   0  0  1  1  1  0
    5      12.192000       3.048000       0.000000    0.000   0  0  1  1  1  0
    6       9.144000       0.000000       0.000000    0.000   0  0  1  1  1  0
    7       9.144000       3.048000       0.000000    0.000   0  1  1  1  1  0
    8       6.096000       0.000000       0.000000    0.000   1  0  1  1  1  0
    9       6.096000       3.048000       0.000000    0.000   0  0  1  1  1  0
   10       3.048000       0.000000       0.000000    0.000   0  0  1  1  1  0
   11       3.048000       3.048000       0.000000    0.000   0  0  1  1  1  0
   12       0.000000       0.000000       0.000000    0.000   0  0  1  1  1  0
F R A M E   E L E M E N T   D A T A					(local)
  Elmnt  J1    J2     Ax   Asy   Asz    Jxx     Iyy     Izz       E       G roll  density
    1    12    10   10.0   1.0   1.0    1.0     1.0     0.0  29000.0 11500.0   0 7.33e-007
    2    10     8   10.0   1.0   1.0    1.0     1.0     0.0  29000.0 11500.0   0 7.33e-007
    3     8     6   10.0   1.0   1.0    1.0     1.0     0.0  29000.0 11500.0   0 7.33e-007
    4     6     4   10.0   1.0   1.0    1.0     1.0     0.0  29000.0 11500.0   0 7.33e-007
    5     4     2   10.0   1.0   1.0    1.0     1.0     0.0  29000.0 11500.0   0 7.33e-007
    6     2     1   10.0   1.0   1.0    1.0     1.0     0.0  29000.0 11500.0   0 7.33e-007
    7    12    11   10.0   1.0   1.0    1.0     1.0     0.0  29000.0 11500.0   0 7.33e-007
    8    11    10   10.0   1.0   1.0    1.0     1.0     0.0  29000.0 11500.0   0 7.33e-007
    9    10     9   10.0   1.0   1.0    1.0     1.0     0.0  29000.0 11500.0   0 7.33e-007
   10     9     8   10.0   1.0   1.0    1.0     1.0     0.0  29000.0 11500.0   0 7.33e-007
   11     9     6   10.0   1.0   1.0    1.0     1.0     0.0  29000.0 11500.0   0 7.33e-007
   12     6     7   10.0   1.0   1.0    1.0     1.0     0.0  29000.0 11500.0   0 7.33e-007
   13     6     5   10.0   1.0   1.0    1.0     1.0     0.0  29000.0 11500.0   0 7.33e-007
   14     5     4   10.0   1.0   1.0    1.0     1.0     0.0  29000.0 11500.0   0 7.33e-007
   15     5     2   10.0   1.0   1.0    1.0     1.0     0.0  29000.0 11500.0   0 7.33e-007
   16     2     3   10.0   1.0   1.0    1.0     1.0     0.0  29000.0 11500.0   0 7.33e-007
   17     3     1   10.0   1.0   1.0    1.0     1.0     0.0  29000.0 11500.0   0 7.33e-007
   18    11     9   10.0   1.0   1.0    1.0     1.0     0.0  29000.0 11500.0   0 7.33e-007
   19     9     7   10.0   1.0   1.0    1.0     1.0     0.0  29000.0 11500.0   0 7.33e-007
   20     7     5   10.0   1.0   1.0    1.0     1.0     0.0  29000.0 11500.0   0 7.33e-007
   21     5     3   10.0   1.0   1.0    1.0     1.0     0.0  29000.0 11500.0   0 7.33e-007
  Neglect shear deformations.
  Neglect geometric stiffness.

L O A D   C A S E   1   O F   2  ... 

   Gravity X =  0.0    Gravity Y =  0.0    Gravity Z =  0.0 
   5 concentrated loads
   0 uniformly distributed loads
   0 trapezoidally distributed loads
   0 concentrated point loads
   0 temperature loads
   1 prescribed displacements
 N O D A L   L O A D S  +  E Q U I V A L E N T   N O D A L   L O A D S  (global)
  Node        Fx          Fy          Fz          Mxx         Myy         Mzz
     2       0.000  -10000.000       0.000       0.000       0.000       0.000
     3       0.000  -20000.000       0.000       0.000       0.000       0.000
     4       0.000  -20000.000       0.000       0.000       0.000       0.000
     5       0.000  -10000.000       0.000       0.000       0.000       0.000
     6       0.000  -20000.000       0.000       0.000       0.000       0.000

 P R E S C R I B E D   D I S P L A C E M E N T S                        (global)
  Node        Dx          Dy          Dz          Dxx         Dyy         Dzz
     8       0.100       0.000       0.000       0.000       0.000       0.000

L O A D   C A S E   2   O F   2  ... 

   Gravity X =  0.0    Gravity Y =  0.0    Gravity Z =  0.0 
   3 concentrated loads
   0 uniformly distributed loads
   0 trapezoidally distributed loads
   0 concentrated point loads
   3 temperature loads
   2 prescribed displacements
 N O D A L   L O A D S  +  E Q U I V A L E N T   N O D A L   L O A D S  (global)
  Node        Fx          Fy          Fz          Mxx         Myy         Mzz
     3   20000.000       0.000       0.000       0.000       0.000       0.000
     4   10000.000       0.000       0.000       0.000       0.000       0.000
     5   20000.000       0.000       0.000       0.000       0.000       0.000
 T E M P E R A T U R E   C H A N G E S					(local)
  Elmnt     coef      hy        hz        Ty+       Ty-       Tz+       Tz-
    10 6.00e-012     5.000     5.000    10.000    10.000    10.000    10.000
    13 6.00e-012     5.000     5.000    15.000    15.000    15.000    15.000
    15 6.00e-012     5.000     5.000    17.000    17.000    17.000    17.000

 P R E S C R I B E D   D I S P L A C E M E N T S                        (global)
  Node        Dx          Dy          Dz          Dxx         Dyy         Dzz
     1       0.000      -1.000       0.000       0.000       0.000       0.000
     8       0.100       0.000       0.000       0.000       0.000       0.000

E L A S T I C   S T I F F N E S S   A N A L Y S I S   via  L D L'  decomposition


L O A D   C A S E   1   O F   2  ... 

N O D E   D I S P L A C E M E N T S  					(global)
  Node    X-dsp       Y-dsp       Z-dsp       X-rot       Y-rot       Z-rot
     1    0.0         0.0         0.0         0.0         0.0         0.491140
     2   -0.054013   -1.415408    0.0         0.0         0.0         0.225478
     3   -0.420241   -1.311001    0.0         0.0         0.0         0.131850
     4   -0.107862   -1.674416    0.0         0.0         0.0        -0.129582
     5   -0.105041   -1.465278    0.0         0.0         0.0        -0.171873
     6   -0.161121   -0.523599    0.0         0.0         0.0        -0.156653
     7   -0.103935    0.0         0.0         0.0         0.0        -0.138796
     8    0.100000   -0.463557    0.0         0.0         0.0         0.052401
     9   -0.103336   -0.463652    0.0         0.0         0.0         0.119161
    10    0.100090   -0.667321    0.0         0.0         0.0         0.064676
    11   -0.103304   -0.667405    0.0         0.0         0.0         0.057150
    12    0.100081   -0.870779    0.0         0.0         0.0         0.069332
F R A M E   E L E M E N T   E N D   F O R C E S				(local)
  Elmnt  Node       Nx          Vy         Vz        Txx        Myy        Mzz
     1     12     -0.828       0.095      0.0        0.0        0.0        0.587
     1     10      0.828      -0.095      0.0        0.0        0.0       -0.299
     2     10      8.518      -3.114      0.0        0.0        0.0       -3.578
     2      8     -8.518       3.114      0.0        0.0        0.0       -5.913
     3      8  24844.145     -12.147      0.0        0.0        0.0        1.379
     3      6 -24844.145      12.147      0.0        0.0        0.0      -38.402
     4      6  -5067.263      87.820      0.0        0.0        0.0      131.262
     4      4   5067.263     -87.820      0.0        0.0        0.0      136.414
     5      4  -5123.376     -13.870      0.0        0.0        0.0      -54.920
     5      2   5123.376      13.870      0.0        0.0        0.0       12.644
     6      2  -5139.070     -39.730      0.0        0.0        0.0      -85.824
     6      1   5139.070      39.730      0.0        0.0        0.0      -35.272
     7     12      0.519      -0.653      0.0        0.0        0.0       -0.587
     7     11     -0.519       0.653      0.0        0.0        0.0       -2.226
     8     11      8.076      -2.179      0.0        0.0        0.0       -4.037
     8     10     -8.076       2.179      0.0        0.0        0.0       -2.605
     9     10    -11.592       4.708      0.0        0.0        0.0        6.482
     9      9     11.592      -4.708      0.0        0.0        0.0       13.813
    10      9      9.033       7.143      0.0        0.0        0.0       17.238
    10      8     -9.033      -7.143      0.0        0.0        0.0        4.535
    11      9   -102.855       0.106      0.0        0.0        0.0       18.785
    11      6    102.855      -0.106      0.0        0.0        0.0      -18.327
    12      6 -49817.452     -48.307      0.0        0.0        0.0      -75.319
    12      7  49817.452      48.307      0.0        0.0        0.0      -71.921
    13      6  42129.943      -0.110      0.0        0.0        0.0        0.786
    13      5 -42129.943       0.110      0.0        0.0        0.0       -1.261
    14      5 -19898.310     -56.113      0.0        0.0        0.0      -89.541
    14      4  19898.310      56.113      0.0        0.0        0.0      -81.493
    15      5    -55.110       1.920      0.0        0.0        0.0      -22.595
    15      2     55.110      -1.920      0.0        0.0        0.0       30.871
    16      2  -9933.814      21.917      0.0        0.0        0.0       42.310
    16      3   9933.814     -21.917      0.0        0.0        0.0       24.493
    17      3  42375.371       5.150      0.0        0.0        0.0      -13.072
    17      1 -42375.371      -5.150      0.0        0.0        0.0       35.272
    18     11      3.008       7.981      0.0        0.0        0.0        6.263
    18      9     -3.008      -7.981      0.0        0.0        0.0       18.063
    19      9     56.993     -60.658      0.0        0.0        0.0      -67.899
    19      7    -56.993      60.658      0.0        0.0        0.0     -116.986
    20      7    105.300     121.890      0.0        0.0        0.0      188.907
    20      5   -105.300    -121.890      0.0        0.0        0.0      182.613
    21      5  29989.471     -26.456      0.0        0.0        0.0      -69.216
    21      3 -29989.471      26.456      0.0        0.0        0.0      -11.421
R E A C T I O N S							(global)
  Node        Fx          Fy          Fz         Mxx         Myy         Mzz
     1  -24828.484   30000.000       0.000       0.000       0.000       0.0  
     2       0.0         0.0         0.000       0.000       0.000       0.0  
     3       0.0         0.0         0.000       0.000       0.000       0.0  
     4       0.0         0.0         0.000       0.000       0.000       0.0  
     5       0.0         0.0         0.000       0.000       0.000       0.0  
     6       0.0         0.0         0.000       0.000       0.000       0.0  
     7       0.0     50000.000       0.000       0.000       0.000       0.0  
     8   24828.484       0.0         0.000       0.000       0.000       0.0  
     9       0.0         0.0         0.000       0.000       0.000       0.0  
    10       0.0         0.0         0.000       0.000       0.000       0.0  
    11       0.0         0.0         0.000       0.000       0.000       0.0  
    12       0.0         0.0         0.000       0.000       0.000       0.0  
R M S    R E L A T I V E    E Q U I L I B R I U M    E R R O R: 1.745e-017

L O A D   C A S E   2   O F   2  ... 

N O D E   D I S P L A C E M E N T S  					(global)
  Node    X-dsp       Y-dsp       Z-dsp       X-rot       Y-rot       Z-rot
     1    0.0        -1.000000    0.0         0.0         0.0        -0.214334
     2    0.217685   -0.505813    0.0         0.0         0.0        -0.184879
     3    1.030011   -0.366180    0.0         0.0         0.0        -0.210338
     4    0.295411   -0.158295    0.0         0.0         0.0        -0.135599
     5    0.960234   -0.158234    0.0         0.0         0.0        -0.107943
     6    0.267653    0.139620    0.0         0.0         0.0        -0.183205
     7    0.959899    0.0         0.0         0.0         0.0        -0.179597
     8    0.100000    0.831316    0.0         0.0         0.0        -0.269994
     9    0.959744    0.831296    0.0         0.0         0.0        -0.286564
    10    0.100005    1.691007    0.0         0.0         0.0        -0.283427
    11    0.959745    1.691016    0.0         0.0         0.0        -0.281004
    12    0.100004    2.550761    0.0         0.0         0.0        -0.281893
F R A M E   E L E M E N T   E N D   F O R C E S				(local)
  Elmnt  Node       Nx          Vy         Vz        Txx        Myy        Mzz
     1     12     -0.057      -0.220      0.0        0.0        0.0       -0.190
     1     10      0.057       0.220      0.0        0.0        0.0       -0.482
     2     10      0.465       2.000      0.0        0.0        0.0        1.770
     2      8     -0.465      -2.000      0.0        0.0        0.0        4.327
     3      8 -15951.264       0.125      0.0        0.0        0.0       -8.066
     3      6  15951.264      -0.125      0.0        0.0        0.0        8.449
     4      6  -2640.946     -23.097      0.0        0.0        0.0      -39.730
     4      4   2640.946      23.097      0.0        0.0        0.0      -30.671
     5      4   7395.144     -17.315      0.0        0.0        0.0      -21.699
     5      2  -7395.144      17.315      0.0        0.0        0.0      -31.076
     6      2  20711.502     -14.036      0.0        0.0        0.0      -18.589
     6      1 -20711.502      14.036      0.0        0.0        0.0      -24.194
     7     12      0.196       0.116      0.0        0.0        0.0        0.190
     7     11     -0.196      -0.116      0.0        0.0        0.0        0.310
     8     11     -0.866      -0.056      0.0        0.0        0.0        0.146
     8     10      0.866       0.056      0.0        0.0        0.0       -0.315
     9     10     -1.366      -0.549      0.0        0.0        0.0       -0.973
     9      9      1.366       0.549      0.0        0.0        0.0       -1.395
    10      9      1.875       1.419      0.0        0.0        0.0        0.587
    10      8     -1.875      -1.419      0.0        0.0        0.0        3.740
    11      9     19.707      -1.477      0.0        0.0        0.0      -10.138
    11      6    -19.707       1.477      0.0        0.0        0.0        3.769
    12      6  13284.072      17.124      0.0        0.0        0.0       25.753
    12      7 -13284.072     -17.124      0.0        0.0        0.0       26.440
    13      6 -18778.022       3.165      0.0        0.0        0.0        1.758
    13      5  18778.022      -3.165      0.0        0.0        0.0       11.885
    14      5     -5.782      36.090      0.0        0.0        0.0       57.633
    14      4      5.782     -36.090      0.0        0.0        0.0       52.370
    15      5  18789.603       6.071      0.0        0.0        0.0       18.261
    15      2 -18789.603      -6.071      0.0        0.0        0.0        7.909
    16      2 -13285.241      25.810      0.0        0.0        0.0       41.756
    16      3  13285.241     -25.810      0.0        0.0        0.0       36.912
    17      3  18847.681      11.350      0.0        0.0        0.0       24.732
    17      1 -18847.681     -11.350      0.0        0.0        0.0       24.194
    18     11      0.112      -0.646      0.0        0.0        0.0       -0.455
    18      9     -0.112       0.646      0.0        0.0        0.0       -1.513
    19      9    -14.775      14.854      0.0        0.0        0.0       12.460
    19      7     14.775     -14.854      0.0        0.0        0.0       32.815
    20      7    -31.898     -34.408      0.0        0.0        0.0      -59.255
    20      5     31.898      34.408      0.0        0.0        0.0      -45.620
    21      5  -6638.842     -34.056      0.0        0.0        0.0      -42.159
    21      3   6638.842      34.056      0.0        0.0        0.0      -61.643
R E A C T I O N S							(global)
  Node        Fx          Fy          Fz         Mxx         Myy         Mzz
     1  -34046.851   13333.333       0.000       0.000       0.000       0.0  
     2       0.0         0.0         0.000       0.000       0.000       0.0  
     3       0.0         0.0         0.000       0.000       0.000       0.0  
     4       0.0         0.0         0.000       0.000       0.000       0.0  
     5       0.0         0.0         0.000       0.000       0.000       0.0  
     6       0.0         0.0         0.000       0.000       0.000       0.0  
     7       0.0    -13333.333       0.000       0.000       0.000       0.0  
     8  -15953.149       0.0         0.000       0.000       0.000       0.0  
     9       0.0         0.0         0.000       0.000       0.000       0.0  
    10       0.0         0.0         0.000       0.000       0.000       0.0  
    11       0.0         0.0         0.000       0.000       0.000       0.0  
    12       0.0         0.0         0.000       0.000       0.000       0.0  
R M S    R E L A T I V E    E Q U I L I B R I U M    E R R O R: 2.418e-017

