________________________________________________________________________________
Frame3DD version: 20140514+               http://frame3dd.sf.net/
GPL Copyright (C) 1992-2015, Henri P. Gavin 
Frame3DD is distributed in the hope that it will be useful but with no warranty.
For details see the GNU Public Licence: http://www.fsf.org/copyleft/gpl.html
________________________________________________________________________________

Input Data file for Frame3DD - 3D structural frame analysis (N  mm  t  s  K  ° MPa) 
Sat Jan 08 23:13:57 2022
________________________________________________________________________________
In 2D problems the Y-axis is vertical.  In 3D problems the Z-axis is vertical.
________________________________________________________________________________
    5 NODES              4 FIXED NODES        4 FRAME ELEMENTS   3 LOAD CASES   
________________________________________________________________________________
N O D E   D A T A                                           R E S T R A I N T S
  Node       X              Y              Z         radius  Fx Fy Fz Mx My Mz
    1   -1200.000000     900.000000       0.000000    0.000   1  1  1  1  1  1
    2   -1200.000000    -900.000000       0.000000    0.000   1  1  1  1  1  1
    3       0.000000       0.000000    1000.000000    0.000   0  0  0  0  0  0
    4    1200.000000     900.000000       0.000000    0.000   1  1  1  1  1  1
    5    1200.000000    -900.000000       0.000000    0.000   1  1  1  1  1  1
F R A M E   E L E M E N T   D A T A					(local)
  Elmnt  J1    J2     Ax   Asy   Asz    Jxx     Iyy     Izz       E       G roll  density
    1     3     2   36.0  20.0  20.0 1000.0   492.0   492.0 200000.0 79300.0   0 7.85e-009
    2     3     5   36.0  20.0  20.0 1000.0   492.0   492.0 200000.0 79300.0   0 7.85e-009
    3     3     4   36.0  20.0  20.0 1000.0   492.0   492.0 200000.0 79300.0   0 7.85e-009
    4     3     1   36.0  20.0  20.0 1000.0   492.0   492.0 200000.0 79300.0   0 7.85e-009
  Include shear deformations.
  Include geometric stiffness.

L O A D   C A S E   1   O F   3  ... 

   Gravity X =  0.0    Gravity Y =  0.0    Gravity Z =  9806.330 
   1 concentrated loads
   0 uniformly distributed loads
   0 trapezoidally distributed loads
   0 concentrated point loads
   0 temperature loads
   0 prescribed displacements
 N O D A L   L O A D S  +  E Q U I V A L E N T   N O D A L   L O A D S  (global)
  Node        Fx          Fy          Fz          Mxx         Myy         Mzz
     1       0.000       0.000       2.498    -374.698    -499.598       0.000
     2       0.000       0.000       2.498     374.698    -499.598       0.000
     3     100.000    -200.000     -90.008       0.000       0.000       0.000
     4       0.000       0.000       2.498    -374.698     499.598       0.000
     5       0.000       0.000       2.498     374.698     499.598       0.000

L O A D   C A S E   2   O F   3  ... 

   Gravity X =  0.0    Gravity Y =  0.0    Gravity Z =  -9806.330 
   0 concentrated loads
   2 uniformly distributed loads
   2 trapezoidally distributed loads
   0 concentrated point loads
   1 temperature loads
   0 prescribed displacements
 N O D A L   L O A D S  +  E Q U I V A L E N T   N O D A L   L O A D S  (global)
  Node        Fx          Fy          Fz          Mxx         Myy         Mzz
     1      -2.190       1.447       1.432    -971.103   -1378.196     -75.053
     2     -40.000     -30.000      72.502   15875.302  -21167.069       0.000
     3     -55.577     -10.524     -56.935  -21048.396   39392.978   23221.728
     4      -5.766      -4.325     -13.411    4681.036   -6241.382       0.000
     5      54.083      72.111      -2.498  -12393.203    8514.281  -22534.696
 U N I F O R M   L O A D S						(local)
  Elmnt       Ux               Uy               Uz
     1       0.00000000       0.00000000       0.10000000
     2       0.00000000       0.10000000       0.00000000
 T R A P E Z O I D A L   L O A D S					(local)
  Elmnt       x1               x2               W1               W2
     3      20.00000000      80.00000000       0.01000000       0.05000000  (x)
     3       0.00000000       0.00000000       0.00000000       0.00000000  (y)
     3      80.00000000     830.00000000      -0.50000000       0.07000000  (z)
     4       0.00000000       0.00000000       0.00000000       0.00000000  (x)
     4      68.00000000     330.00000000       0.05000000       0.00000000  (y)
     4      80.00000000     830.00000000      -0.05000000       0.07000000  (z)
 T E M P E R A T U R E   C H A N G E S					(local)
  Elmnt     coef      hy        hz        Ty+       Ty-       Tz+       Tz-
     1 1.20e-005    10.000    10.000   293.150   283.150   283.150   263.150

L O A D   C A S E   3   O F   3  ... 

   Gravity X =  0.0    Gravity Y =  0.0    Gravity Z =  -9806.330 
   0 concentrated loads
   0 uniformly distributed loads
   0 trapezoidally distributed loads
   2 concentrated point loads
   0 temperature loads
   0 prescribed displacements
 N O D A L   L O A D S  +  E Q U I V A L E N T   N O D A L   L O A D S  (global)
  Node        Fx          Fy          Fz          Mxx         Myy         Mzz
     1       0.000       0.000      -2.498     374.698     499.598       0.000
     2     118.793      56.771    -196.144  -66414.542  100871.307  -11086.726
     3     322.342      30.454    -468.009   80692.799 -224299.997  -18968.324
     4       0.000       0.000      -2.498     374.698    -499.598       0.000
     5     -12.999     -94.251      66.729   40848.692   17951.709   32861.892
 C O N C E N T R A T E D   P O I N T   L O A D S				(local)
  Elmnt       Px          Py          Pz          x
     1       0.000     100.000    -900.000     600.000
     2       0.000    -200.000     200.000     800.000

E L A S T I C   S T I F F N E S S   A N A L Y S I S   via  L D L'  decomposition


L O A D   C A S E   1   O F   3  ... 

N O D E   D I S P L A C E M E N T S  					(global)
  Node    X-dsp       Y-dsp       Z-dsp       X-rot       Y-rot       Z-rot
     3    0.014127   -0.050228   -0.018309    0.000037    0.000009    0.000000
F R A M E   E L E M E N T   E N D   F O R C E S				(local)
  Elmnt  Node       Nx          Vy         Vz        Txx        Myy        Mzz
     1      3    104.537       0.003     -2.082     -1.279    628.304      4.603
     1      2   -101.766      -0.003     -2.075      1.279   -621.897      6.111
     2      3    179.651      -0.000     -2.083      0.898    628.345     -2.789
     2      5   -176.879       0.000     -2.074     -0.898   -622.271     -3.551
     3      3    -20.645      -0.007     -2.081      1.275    625.766     -4.604
     3      4     23.416       0.007     -2.076     -1.275   -621.440     -6.852
     4      3    -95.758       0.006     -2.083     -0.902    624.761      2.785
     4      1     98.530      -0.006     -2.074      0.902   -620.197      4.664
R E A C T I O N S							(global)
  Node        Fx          Fy          Fz         Mxx         Myy         Mzz
     1     -64.661      48.503     -56.380     369.455     498.165       3.376
     2      68.658      51.498      54.723    -376.697     494.847       4.368
     4      14.661      11.005     -14.716     368.982    -500.070      -4.987
     5    -118.658      88.994      96.389    -375.532    -496.185      -2.452
R M S    R E L A T I V E    E Q U I L I B R I U M    E R R O R: 1.712e-032

P E A K   F R A M E   E L E M E N T   I N T E R N A L   F O R C E S(local)", 
  Elmnt   .         Nx          Vy         Vz        Txx        Myy        Mzz
     1   max    -101.766      -0.003      2.082      1.279    628.304      6.111
     1   min    -104.537      -0.003     -2.075      1.279   -311.638     -4.603
     2   max    -176.879       0.000      2.083     -0.898    628.345      2.789
     2   min    -179.651       0.000     -2.074     -0.898   -311.430     -3.551
     3   max      23.416       0.007      2.081     -1.275    625.766      4.604
     3   min      20.645       0.007     -2.076     -1.275   -313.136     -6.852
     4   max      98.530      -0.006      2.083      0.902    624.761      4.664
     4   min      95.758      -0.006     -2.074      0.902   -314.258     -2.785
  * The Stiffness Matrix is not positive-definite *
    Check that all six rigid-body translations are restrained
    If geometric stiffness is included, reduce the loads.

L O A D   C A S E   2   O F   3  ... 

N O D E   D I S P L A C E M E N T S  					(global)
  Node    X-dsp       Y-dsp       Z-dsp       X-rot       Y-rot       Z-rot
     3    2.271821    3.034838    2.716728   -0.010386    0.013708    0.005567
F R A M E   E L E M E N T   E N D   F O R C E S				(local)
  Elmnt  Node       Nx          Vy         Vz        Txx        Myy        Mzz
     1      3   6137.628      -3.731    -50.838   -132.756 -50265.845  18079.569
     1      2  -6140.399       3.731   -125.283    132.756 -12451.293  -5523.756
     2      3  -6031.435     -77.720      7.884   -740.961   5499.685 -31679.748
     2      5   6028.663    -102.557     -3.727    740.961  -2347.245  31207.498
     3      3   6068.821      -6.039    141.135   -138.891 -50396.988  -6142.893
     3      4  -6073.392       6.039     24.272    138.891  17777.834   1721.694
     4      3  -6008.533     -11.520     12.506    469.314  -7431.283  19149.804
     4      1   6005.762       4.970    -15.849   -469.314  -2260.788  -6354.352
R E A C T I O N S							(global)
  Node        Fx          Fy          Fz         Mxx         Myy         Mzz
     1   -3993.625    2989.004   -3344.587    4490.028    -541.637   -5027.658
     2    4121.392    3093.688    3339.773  -23973.056   28195.393    3152.998
     4   -4035.546   -3019.115    3389.105   -9807.917   14860.636    1355.216
     5    3949.730   -3090.498   -3347.203   12934.529  -12635.837   25555.080
R M S    R E L A T I V E    E Q U I L I B R I U M    E R R O R: 3.702e-017

P E A K   F R A M E   E L E M E N T   I N T E R N A L   F O R C E S(local)", 
  Elmnt   .         Nx          Vy         Vz        Txx        Myy        Mzz
     1   max   -6137.628       3.731     50.838    132.756  12451.293  -5523.756
     1   min   -6140.399       3.731   -125.283    132.756 -64790.468 -18079.569
     2   max    6031.435      77.720     -3.727    740.961   5521.628  31679.748
     2   min    6028.663    -102.557     -7.884    740.961   2347.245  -9198.516
     3   max   -6068.821       6.039     24.272    138.891  -6532.362   6142.893
     3   min   -6073.392       6.039   -141.135    138.891 -50396.988   1721.694
     4   max    6008.533      11.520     -4.167   -469.314   2260.788  -6354.352
     4   min    6005.762       4.970    -18.332   -469.314  -7816.765 -19149.804

L O A D   C A S E   3   O F   3  ... 

N O D E   D I S P L A C E M E N T S  					(global)
  Node    X-dsp       Y-dsp       Z-dsp       X-rot       Y-rot       Z-rot
     3    0.024971   -0.008302   -0.093862    0.176582   -0.407360   -0.024969
F R A M E   E L E M E N T   E N D   F O R C E S				(local)
  Elmnt  Node       Nx          Vy         Vz        Txx        Myy        Mzz
     1      3    156.721     -68.096    597.731   4384.541 -163108.086 -20132.271
     1      2   -159.493     -31.904    306.425  -4384.541 171791.099  17651.502
     2      3    289.491     146.266    -81.171  14725.173  16252.688  78167.221
     2      5   -292.262      53.734   -114.672 -14725.173 -66709.199 -15035.794
     3      3    256.387     -12.156     69.380  -3166.065 -68128.035 -12196.949
     3      4   -259.158      12.156    -65.223   3166.065 -53183.730  -9723.480
     4      3    123.617     -39.697    -35.130 -13506.697  40794.679 -44186.270
     4      1   -126.388      39.697     39.287  13506.697  26294.654 -27379.332
R E A C T I O N S							(global)
  Node        Fx          Fy          Fz         Mxx         Myy         Mzz
     1      42.844     -81.795     102.821  -12614.838  -23384.297  -30256.553
     2     -48.987       3.146     343.482   98139.756 -141089.093   17116.385
     4    -208.776    -141.373      89.436   29683.904  -44171.745   -9841.079
     5    -213.217     227.048      66.680  -56494.620  -40992.615   -4356.700
R M S    R E L A T I V E    E Q U I L I B R I U M    E R R O R: 1.161e-028

P E A K   F R A M E   E L E M E N T   I N T E R N A L   F O R C E S(local)", 
  Elmnt   .         Nx          Vy         Vz        Txx        Myy        Mzz
     1   max    -156.721      68.096    306.425  -4384.541 190611.183  20132.271
     1   min    -159.493     -31.904   -597.731  -4384.541 -171791.099 -20224.170
     2   max    -289.491      53.734     82.969 -14725.173  66709.199  37846.367
     2   min    -292.262    -146.266   -116.938 -14725.173 -48430.216 -78167.221
     3   max    -256.387      12.156    -65.223   3166.065  53183.730  12196.949
     3   min    -259.158      12.156    -69.380   3166.065 -68128.035  -9723.480
     4   max    -123.617      39.697     39.287  13506.697  40794.679  44186.270
     4   min    -126.388      39.697     35.130  13506.697 -26294.654 -27379.332

