[00;44;37;01m[00m

[01m[41m[37m  
 ERROR: cannot open input data file 'ExampleA.3dd'
  [00m

[00;32m
 Frame3DD version: 20140514+
 Analysis of 2D and 3D structural frames with elastic and geometric stiffness.
 http://frame3dd.sourceforge.net

  Frame3DD may be run with interactive prompting for file names by typing ...
       frame3dd 

  Frame3DD may be run without command-line options by typing ...
       frame3dd <InFile> <OutFile> 

  Frame3DD may be run with command-line options by typing ...
       frame3dd -i <InFile> -o <OutFile> [OPTIONS] 

 ... where [OPTIONS] over-rides values in the input data file and includes
     one or more of the following:

 -------------------------------------------------------------------------
  -i  <InFile>  the  input data file name --- described in the manual
  -o <OutFile>  the output data file name
  -h            print this help message and exit
  -v            display program version, website, brief help info and exit
  -a            display program version, website and exit
  -c            data check only - the output data reviews the input data
  -w            write stiffness and mass matrices to files named Ks Kd Md
  -x            suppress writing of 't' or 'c' for sign of axial forces
  -q            suppress screen output except for warning messages
  -s  On|Off    On: include shear deformation or Off: neglect ...
  -g  On|Off    On: include geometric stiffness or Off: neglect ...
  -e <value>    static deformation exaggeration factor for Gnuplot output
  -z            force X-Y-Z plotting
  -l  On|Off    On: lumped mass matrix or Off: consistent mass matrix
  -f <value>    modal frequency shift for unrestrained structures
  -m   J|S      modal analysis method: J=Jacobi-Subspace or S=Stodola
  -t <value>    convergence tolerance for modal analysis
  -p <value>    pan rate for mode shape animation
  -r <value>    matrix condensation method: 0, 1, 2, or 3 
 -------------------------------------------------------------------------
[00m