________________________________________________________________________________
Frame3DD version: 20140514+               http://frame3dd.sf.net/
GPL Copyright (C) 1992-2015, Henri P. Gavin 
Frame3DD is distributed in the hope that it will be useful but with no warranty.
For details see the GNU Public Licence: http://www.fsf.org/copyleft/gpl.html
________________________________________________________________________________

Input Data file for Frame3DD - 3D structural frame analysis (N  m  kg  s  K  rad) 
Fri Jan 07 18:24:25 2022
________________________________________________________________________________
In 2D problems the Y-axis is vertical.  In 3D problems the Z-axis is vertical.
________________________________________________________________________________
   12 NODES              2 FIXED NODES       21 FRAME ELEMENTS   2 LOAD CASES   
________________________________________________________________________________
N O D E   D A T A                                           R E S T R A I N T S
  Node       X              Y              Z         radius  Fx Fy Fz Mx My Mz
    1     720.000000       0.000000       0.000000    0.000   1  1  1  1  1  1
    2     600.000000       0.000000       0.000000    0.000   0  0  0  0  0  0
    3     600.000000     120.000000       0.000000    0.000   0  0  0  0  0  0
    4     480.000000       0.000000       0.000000    0.000   0  0  0  0  0  0
    5     480.000000     120.000000       0.000000    0.000   0  0  0  0  0  0
    6     360.000000       0.000000       0.000000    0.000   0  0  0  0  0  0
    7     360.000000     120.000000       0.000000    0.000   0  0  0  0  0  0
    8     240.000000       0.000000       0.000000    0.000   0  0  0  0  0  0
    9     240.000000     120.000000       0.000000    0.000   0  0  0  0  0  0
   10     120.000000       0.000000       0.000000    0.000   0  0  0  0  0  0
   11     120.000000     120.000000       0.000000    0.000   0  0  0  0  0  0
   12       0.000000       0.000000       0.000000    0.000   1  1  1  1  1  1
F R A M E   E L E M E N T   D A T A					(local)
  Elmnt  J1    J2     Ax   Asy   Asz    Jxx     Iyy     Izz       E       G roll  density
    1    12    10    1.0   1.0   1.0    1.0     1.0     1.0 210000003072.0 79300001792.0   0 7.85e+003
    2    10     8    1.0   1.0   1.0    1.0     1.0     1.0 210000003072.0 79300001792.0   0 7.85e+003
    3     8     6    1.0   1.0   1.0    1.0     1.0     1.0 210000003072.0 79300001792.0   0 7.85e+003
    4     6     4    1.0   1.0   1.0    1.0     1.0     1.0 210000003072.0 79300001792.0   0 7.85e+003
    5     4     2    1.0   1.0   1.0    1.0     1.0     1.0 210000003072.0 79300001792.0   0 7.85e+003
    6     2     1    1.0   1.0   1.0    1.0     1.0     1.0 210000003072.0 79300001792.0   0 7.85e+003
    7    11     9    1.0   1.0   1.0    1.0     1.0     1.0 210000003072.0 79300001792.0   0 7.85e+003
    8     9     7    1.0   1.0   1.0    1.0     1.0     1.0 210000003072.0 79300001792.0   0 7.85e+003
    9     7     5    1.0   1.0   1.0    1.0     1.0     1.0 210000003072.0 79300001792.0   0 7.85e+003
   10     5     3    1.0   1.0   1.0    1.0     1.0     1.0 210000003072.0 79300001792.0   0 7.85e+003
   11    12    11    1.0   1.0   1.0    1.0     1.0     1.0 210000003072.0 79300001792.0   0 7.85e+003
   12    11    10    1.0   1.0   1.0    1.0     1.0     1.0 210000003072.0 79300001792.0   0 7.85e+003
   13    10     9    1.0   1.0   1.0    1.0     1.0     1.0 210000003072.0 79300001792.0   0 7.85e+003
   14     9     8    1.0   1.0   1.0    1.0     1.0     1.0 210000003072.0 79300001792.0   0 7.85e+003
   15     9     6    1.0   1.0   1.0    1.0     1.0     1.0 210000003072.0 79300001792.0   0 7.85e+003
   16     6     7    1.0   1.0   1.0    1.0     1.0     1.0 210000003072.0 79300001792.0   0 7.85e+003
   17     6     5    1.0   1.0   1.0    1.0     1.0     1.0 210000003072.0 79300001792.0   0 7.85e+003
   18     5     4    1.0   1.0   1.0    1.0     1.0     1.0 210000003072.0 79300001792.0   0 7.85e+003
   19     5     2    1.0   1.0   1.0    1.0     1.0     1.0 210000003072.0 79300001792.0   0 7.85e+003
   20     2     3    1.0   1.0   1.0    1.0     1.0     1.0 210000003072.0 79300001792.0   0 7.85e+003
   21     3     1    1.0   1.0   1.0    1.0     1.0     1.0 210000003072.0 79300001792.0   0 7.85e+003
  Neglect shear deformations.
  Neglect geometric stiffness.

L O A D   C A S E   1   O F   2  ... 

   Gravity X =  0.0    Gravity Y =  0.0    Gravity Z =  -9.810 
   0 concentrated loads
   0 uniformly distributed loads
   0 trapezoidally distributed loads
   0 concentrated point loads
   0 temperature loads
   0 prescribed displacements

L O A D   C A S E   2   O F   2  ... 

   Gravity X =  0.0    Gravity Y =  0.0    Gravity Z =  -9.810 
   1 concentrated loads
   0 uniformly distributed loads
   0 trapezoidally distributed loads
   0 concentrated point loads
   0 temperature loads
   0 prescribed displacements
 N O D A L   L O A D S  +  E Q U I V A L E N T   N O D A L   L O A D S  (global)
  Node        Fx          Fy          Fz          Mxx         Myy         Mzz
     1       0.000       0.000 -11154898.384 -130687763.732 -223097967.684       0.000
     2       0.000       0.000 -20395918.780 -223097967.684 -130687763.732       0.000
     3       0.000       0.000 -15775408.582 223097967.684 38277559.779       0.000
     4       0.000       0.000 -13861530.593 -92410203.953       0.000       0.000
     5       0.000       0.000 -26930306.966 353785731.416       0.000       0.000
     6       0.000       0.000 -26930306.966 -353785731.416       0.000       0.000
     7       0.000       0.000 -13861530.593 92410203.953       0.000       0.000
     8       0.000       0.000 -13861530.593 -92410203.953       0.000       0.000
     9       0.000       0.000 -26930326.966 353785731.416       0.000       0.000
    10       0.000       0.000 -20395918.780 -223097967.684 130687763.732       0.000
    11       0.000       0.000 -15775408.582 223097967.684 -38277559.779       0.000
    12       0.000       0.000 -11154898.384 -130687763.732 223097967.684       0.000

E L A S T I C   S T I F F N E S S   A N A L Y S I S   via  L D L'  decomposition


L O A D   C A S E   1   O F   2  ... 

N O D E   D I S P L A C E M E N T S  					(global)
  Node    X-dsp       Y-dsp       Z-dsp       X-rot       Y-rot       Z-rot
     2    0.0         0.0      -174.976493   -1.259438   -2.341321    0.0     
     3    0.0         0.0      -329.388172   -1.373986   -2.594910    0.0     
     4    0.0         0.0      -440.196382   -1.353593   -1.805275    0.0     
     5    0.0         0.0      -609.314410   -1.503128   -1.772991    0.0     
     6    0.0         0.0      -557.717144   -1.214496    0.0         0.0     
     7    0.0         0.0      -718.679059   -1.409292    0.0         0.0     
     8    0.0         0.0      -440.196382   -1.353593    1.805275    0.0     
     9    0.0         0.0      -609.314410   -1.503128    1.772991    0.0     
    10    0.0         0.0      -174.976493   -1.259438    2.341321    0.0     
    11    0.0         0.0      -329.388172   -1.373986    2.594910    0.0     
F R A M E   E L E M E N T   E N D   F O R C E S				(local)
  Elmnt  Node       Nx          Vy         Vz        Txx        Myy        Mzz
     1     12      0.0      16732.320 54928941.218 832278347.393 -7208228335.131 2195752.856
     1     10      0.0     -13917.343 -45687921.252 -832278347.393 1171216586.936 -356773.127
     2     10      0.0       8703.638 28572344.898 62220954.569 -591438912.628 180162.673
     2      8      0.0      -5888.661 -19331324.931 -62220954.569 -2282781277.092 695375.240
     3      8      0.0       5496.338 18043405.775 -91919770.001 2261446932.298 -688876.424
     3      6      0.0      -2681.361 -8802385.809 91919770.001 -3872194427.313 1179538.380
     4      6      0.0      -2681.361 -8802385.809 91919770.001 3872194427.313 -1179538.380
     4      4      0.0       5496.338 18043405.775 -91919770.001 -2261446932.298 688876.424
     5      4      0.0      -5888.661 -19331324.931 -62220954.569 2282781277.092 -695375.240
     5      2      0.0       8703.638 28572344.898 62220954.569 591438912.628 -180162.673
     6      2      0.0     -13917.343 -45687921.252 -832278347.393 -1171216586.936 356773.127
     6      1      0.0      16732.320 54928941.218 832278347.393 7208228335.131 -2195752.856
     7     11      0.0       9338.023 30654909.016 85341316.685 -216114850.426  65832.376
     7      9      0.0      -6523.046 -21413889.049 -85341316.685 -2908013033.473 885831.806
     8      9      0.0       2733.615 8973923.542 -62010042.828 2749118862.863 -837429.853
     8      7      0.0         81.362 267096.425 62010042.828 -3271528489.914 996564.994
     9      7      0.0         81.362 267096.425 62010042.828 3271528489.914 -996564.994
     9      5      0.0       2733.615 8973923.542 -62010042.828 -2749118862.863 837429.853
    10      5      0.0      -6523.046 -21413889.049 -85341316.685 2908013033.473 -885831.806
    10      3      0.0       9338.023 30654909.016 85341316.685 216114850.426 -65832.376
    11     12      0.0      16322.942 53585035.831 -403413886.880 -7649984333.236 2330319.486
    11     11      0.0     -12341.964 -40516260.064 403413886.880 -334775400.319 101978.462
    12     11      0.0       3003.941 9861351.049 -167580132.138 -607319950.268 185000.315
    12     10      0.0       -188.964 -620331.082 167580132.138 -21580977.582   6573.945
    13     10      0.0       5402.669 17735907.436 268305164.392 -851240517.452 259302.801
    13      9      0.0      -1421.690 -4667131.669 -268305164.392 -1049720387.043 319763.253
    14      9      0.0       2422.654 7953100.811 21334345.784 -554051616.689 168773.846
    14      8      0.0        392.323 1287919.156 -21334345.784 154140717.418 -46953.968
    15      9      0.0       2788.468 9153996.366 -681194428.071 891712753.331 -271631.354
    15      6      0.0       1192.511 3914779.401 681194428.071 -1336275054.646 407052.833
    16      6      0.0       2977.701 9775212.816      0.0   -742584419.775 226204.247
    16      7      0.0       -162.725 -534192.849      0.0   124020079.902 -37778.693
    17      6      0.0       1192.511 3914779.401 681194428.071 1336275054.646 -407052.833
    17      5      0.0       2788.468 9153996.366 -681194428.071 -891712753.331 271631.354
    18      5      0.0       2422.654 7953100.811 -21334345.784 -554051616.689 168773.846
    18      4      0.0        392.323 1287919.156 21334345.784 154140717.418 -46953.968
    19      5      0.0      -1421.690 -4667131.669 -268305164.392 1049720387.043 -319763.253
    19      2      0.0       5402.669 17735907.436 268305164.392 851240517.452 -259302.801
    20      2      0.0       -188.964 -620331.082 167580132.138 21580977.582  -6573.945
    20      3      0.0       3003.941 9861351.049 -167580132.138 607319950.268 -185000.315
    21      3      0.0     -12341.964 -40516260.064 403413886.880 334775400.319 -101978.462
    21      1      0.0      16322.942 53585035.831 -403413886.880 7649984333.236 -2330319.486
R E A C T I O N S							(global)
  Node        Fx          Fy          Fz         Mxx         Myy         Mzz
     1       0.000       0.000 108513982.084 5956377701.329 12902841413.575       0.000
    12      -0.000      -0.000 108513982.084 5956377701.329 -12902841413.575      -0.000
R M S    R E L A T I V E    E Q U I L I B R I U M    E R R O R: 6.295e-015

L O A D   C A S E   2   O F   2  ... 

N O D E   D I S P L A C E M E N T S  					(global)
  Node    X-dsp       Y-dsp       Z-dsp       X-rot       Y-rot       Z-rot
     2    0.0         0.0      -174.976505   -1.259438   -2.341322    0.0     
     3    0.0         0.0      -329.388217   -1.373986   -2.594911    0.0     
     4    0.0         0.0      -440.196417   -1.353593   -1.805275    0.0     
     5    0.0         0.0      -609.314496   -1.503128   -1.772991    0.0     
     6    0.0         0.0      -557.717196   -1.214497   -0.000000    0.0     
     7    0.0         0.0      -718.679176   -1.409292   -0.000000    0.0     
     8    0.0         0.0      -440.196428   -1.353593    1.805275    0.0     
     9    0.0         0.0      -609.314532   -1.503128    1.772991    0.0     
    10    0.0         0.0      -174.976512   -1.259438    2.341322    0.0     
    11    0.0         0.0      -329.388250   -1.373986    2.594911    0.0     
F R A M E   E L E M E N T   E N D   F O R C E S				(local)
  Elmnt  Node       Nx          Vy         Vz        Txx        Myy        Mzz
     1     12      0.0      16732.321 54928945.237 832278670.333 -7208229052.932 2195753.075
     1     10      0.0     -13917.344 -45687925.271 -832278670.333 1171216822.445 -356773.199
     2     10      0.0       8703.638 28572346.876 62221024.732 -591438835.120 180162.649
     2      8      0.0      -5888.661 -19331326.909 -62221024.732 -2282781592.005 695375.336
     3      8      0.0       5496.339 18043407.422 -91919816.348 2261447257.820 -688876.523
     3      6      0.0      -2681.362 -8802387.455 91919816.348 -3872194950.440 1179538.539
     4      6      0.0      -2681.361 -8802386.718 91919695.737 3872194665.601 -1179538.453
     4      4      0.0       5496.338 18043406.684 -91919695.737 -2261447061.499 688876.464
     5      4      0.0      -5888.661 -19331325.724 -62221034.976 2282781335.772 -695375.258
     5      2      0.0       8703.638 28572345.690 62221034.976 591438949.058 -180162.684
     6      2      0.0     -13917.343 -45687921.879 -832278539.479 -1171216888.060 356773.219
     6      1      0.0      16732.320 54928941.845 832278539.479 7208228711.506 -2195752.971
     7     11      0.0       9338.026 30654917.985 85341412.088 -216114912.027  65832.395
     7      9      0.0      -6523.049 -21413898.019 -85341412.088 -2908014048.201 885832.115
     8      9      0.0       2733.613 8973918.649 -62010111.232 2749119798.829 -837430.138
     8      7      0.0         81.364 267101.317 62010111.232 -3271528838.739 996565.100
     9      7      0.0         81.361 267092.424 62009959.098 3271528910.478 -996565.122
     9      5      0.0       2733.616 8973927.543 -62009959.098 -2749118803.339 837429.835
    10      5      0.0      -6523.048 -21413893.002 -85341412.300 2908013326.223 -885831.895
    10      3      0.0       9338.024 30654912.969 85341412.300 216115032.055 -65832.432
    11     12      0.0      16322.946 53585046.365 -403413868.023 -7649986062.061 2330320.013
    11     11      0.0     -12341.967 -40516270.598 403413868.023 -334775459.067 101978.480
    12     11      0.0       3003.941 9861352.613 -167580248.614 -607320073.878 185000.353
    12     10      0.0       -188.964 -620332.646 167580248.614 -21581041.647   6573.964
    13     10      0.0       5402.670 17735911.041 268305249.457 -851240880.470 259302.912
    13      9      0.0      -1421.691 -4667135.274 -268305249.457 -1049720635.761 319763.328
    14      9      0.0       2422.654 7953100.479 21334335.175 -554051693.401 168773.869
    14      8      0.0        392.323 1287919.488 -21334335.175 154140833.929 -46954.003
    15      9      0.0       2788.467 9153994.165 -681194554.906 891713056.661 -271631.447
    15      6      0.0       1192.511 3914781.602 681194554.906 -1336274984.386 407052.812
    16      6      0.0       2977.702 9775213.708     71.739 -742584511.503 226204.275
    16      7      0.0       -162.725 -534193.741    -71.739 124020064.576 -37778.688
    17      6      0.0       1192.510 3914778.863 681194463.372 1336275377.289 -407052.932
    17      5      0.0       2788.468 9153996.904 -681194463.372 -891712984.716 271631.425
    18      5      0.0       2422.654 7953100.927 -21334275.262 -554051636.810 168773.852
    18      4      0.0        392.323 1287919.040 21334275.262 154140723.561 -46953.970
    19      5      0.0      -1421.690 -4667132.371 -268305173.915 1049720245.748 -319763.210
    19      2      0.0       5402.669 17735908.138 268305173.915 851240777.847 -259302.880
    20      2      0.0       -188.964 -620331.949 167580219.440 21581056.762  -6573.969
    20      3      0.0       3003.941 9861351.916 -167580219.440 607319975.161 -185000.323
    21      3      0.0     -12341.965 -40516264.885 403413903.571 334775283.611 -101978.427
    21      1      0.0      16322.944 53585040.652 -403413903.571 7649985268.001 -2330319.771
R E A C T I O N S							(global)
  Node        Fx          Fy          Fz         Mxx         Myy         Mzz
     1       0.000       0.000 108513987.532 5956378542.591 12902842462.731       0.000
    12      -0.000      -0.000 108513996.637 5956379260.067 -12902843340.505      -0.000
R M S    R E L A T I V E    E Q U I L I B R I U M    E R R O R: 1.157e-014

