[00;44;37;01m[00m[00;42;37;01m[00m

[01m[41m[37m  
  Warning:  un-restrained structure   0 imposed reactions.
  At least 4 reactions are required to support static loads.
  [00m


  warning: 5 nodes and 0 members... not enough elements to connect all nodes.


[01m[41m[37m  >> Input Data file error while reading node or frame element property data:
     node number   1 is unconnected. 

  [00m



[01m[41m[37m  >> Input Data file error while reading node or frame element property data:
     node number   2 is unconnected. 

  [00m



[01m[41m[37m  >> Input Data file error while reading node or frame element property data:
     node number   3 is unconnected. 

  [00m



[01m[41m[37m  >> Input Data file error while reading node or frame element property data:
     node number   4 is unconnected. 

  [00m



[01m[41m[37m  >> Input Data file error while reading node or frame element property data:
     node number   5 is unconnected. 

  [00m

