________________________________________________________________________________
Frame3DD version: 20140514+               http://frame3dd.sf.net/
GPL Copyright (C) 1992-2015, Henri P. Gavin 
Frame3DD is distributed in the hope that it will be useful but with no warranty.
For details see the GNU Public Licence: http://www.fsf.org/copyleft/gpl.html
________________________________________________________________________________

Input Data file for Frame3DD - 3D structural frame analysis (N  mm  t  s  °C  ° MPa) 
Sun Jan 09 13:42:31 2022
________________________________________________________________________________
In 2D problems the Y-axis is vertical.  In 3D problems the Z-axis is vertical.
________________________________________________________________________________
    5 NODES              3 FIXED NODES        4 FRAME ELEMENTS   1 LOAD CASES   
________________________________________________________________________________
N O D E   D A T A                                           R E S T R A I N T S
  Node       X              Y              Z         radius  Fx Fy Fz Mx My Mz
    1   -1200.000000     900.000000       0.000000    0.000   1  1  1  1  1  1
    2   -1200.000000    -900.000000       0.000000    0.000   1  1  1  1  1  1
    3       0.000000       0.000000    1000.000000    0.000   0  0  0  0  0  0
    4    1200.000000     900.000000       0.000000    0.000   0  0  0  0  0  0
    5    1200.000000    -900.000000       0.000000    0.000   1  1  1  1  1  1
F R A M E   E L E M E N T   D A T A					(local)
  Elmnt  J1    J2     Ax   Asy   Asz    Jxx     Iyy     Izz       E       G roll  density
    1     3     2 1000000.0 1000000.0 1000000.0 999999995904.0 999999995904.0 999999995904.0 210000.0 79300.0   0 7.85e-009
    2     3     5 1000000.0 1000000.0 1000000.0 999999995904.0 999999995904.0 999999995904.0 210000.0 79300.0   0 7.85e-009
    3     3     4 1000000.0 1000000.0 1000000.0 999999995904.0 999999995904.0 999999995904.0 210000.0 79300.0   0 7.85e-009
    4     3     1 1000000.0 1000000.0 1000000.0 999999995904.0 999999995904.0 999999995904.0 210000.0 79300.0   0 7.85e-009
  Neglect shear deformations.
  Neglect geometric stiffness.

L O A D   C A S E   1   O F   1  ... 

   Gravity X =  0.0    Gravity Y =  0.0    Gravity Z =  -9810.000 
   1 concentrated loads
   0 uniformly distributed loads
   0 trapezoidally distributed loads
   0 concentrated point loads
   0 temperature loads
   0 prescribed displacements
 N O D A L   L O A D S  +  E Q U I V A L E N T   N O D A L   L O A D S  (global)
  Node        Fx          Fy          Fz          Mxx         Myy         Mzz
     1       0.000       0.000  -69414.522 10412178.261 13882904.348       0.000
     2       0.000       0.000  -69414.522 -10412178.261 13882904.348       0.000
     3     100.000       0.000 -277658.087       0.000       0.000       0.000
     4       0.000       0.000  -69414.522 10412178.261 -13882904.348       0.000
     5       0.000       0.000  -69414.522 -10412178.261 -13882904.348       0.000

E L A S T I C   S T I F F N E S S   A N A L Y S I S   via  L D L'  decomposition


L O A D   C A S E   1   O F   1  ... 

N O D E   D I S P L A C E M E N T S  					(global)
  Node    X-dsp       Y-dsp       Z-dsp       X-rot       Y-rot       Z-rot
     3    0.000148    0.000153   -0.000461   -0.000000    0.000000    0.0     
     4   -0.000111   -0.000162   -0.001651   -0.000001    0.000001    0.0     
F R A M E   E L E M E N T   E N D   F O R C E S				(local)
  Elmnt  Node       Nx          Vy         Vz        Txx        Myy        Mzz
     1      3 -29090.206    2322.388  16338.574 3378453.382 -32167728.385 7200420.507
     1      2 -47918.292   -2322.388  99174.173 -3378453.382 106834728.600 -3013676.190
     2      3  -6211.082   -8888.436 -116661.654 -16483971.768 144600057.007 -37970951.547
     2      5 -70797.416    8888.436 232174.400 16483971.768 169836512.616 21947096.042
     3      3 -77008.498       0.0   115512.746      0.0   -104121782.608      0.0  
     3      4      0.0          0.0        0.0        0.0        0.0        0.0  
     4      3 -11260.284    4937.140 -97569.713 16782848.864 117920008.737 33222084.692
     4      1 -65748.214   -4937.140 213082.459 -16782848.864 162098074.867 -24321529.470
R E A C T I O N S							(global)
  Node        Fx          Fy          Fz         Mxx         Myy         Mzz
     1  -47830.565   42044.349  213765.870 -75294579.715 -146151658.798 -10927286.196
     2  -13506.636   -7226.992  109098.186 67687021.084 -82778144.938 -633501.407
     5   61237.201  -34817.356  232452.118 122613549.203 120335478.867 9117425.348
R M S    R E L A T I V E    E Q U I L I B R I U M    E R R O R: 1.592e-021

