________________________________________________________________________________
Frame3DD version: 20140514+               http://frame3dd.sf.net/
GPL Copyright (C) 1992-2015, Henri P. Gavin 
Frame3DD is distributed in the hope that it will be useful but with no warranty.
For details see the GNU Public Licence: http://www.fsf.org/copyleft/gpl.html
________________________________________________________________________________

Input Data file for Frame3DD - 3D structural frame analysis (N  mm  t  s  °C  ° MPa) 
Sun Jan 09 14:12:07 2022
________________________________________________________________________________
In 2D problems the Y-axis is vertical.  In 3D problems the Z-axis is vertical.
________________________________________________________________________________
    5 NODES              4 FIXED NODES        4 FRAME ELEMENTS   3 LOAD CASES   
________________________________________________________________________________
N O D E   D A T A                                           R E S T R A I N T S
  Node       X              Y              Z         radius  Fx Fy Fz Mx My Mz
    1   -1200.000000     900.000000       0.000000    0.000   1  1  1  1  1  1
    2   -1200.000000    -900.000000       0.000000    0.000   1  1  1  1  1  1
    3       0.000000       0.000000    1000.000000    0.000   0  0  0  0  0  0
    4    1200.000000     900.000000       0.000000    0.000   1  1  1  1  1  1
    5    1200.000000    -900.000000       0.000000    0.000   1  1  1  1  1  1
F R A M E   E L E M E N T   D A T A					(local)
  Elmnt  J1    J2     Ax   Asy   Asz    Jxx     Iyy     Izz       E       G roll  density
    1     3     2   36.0  20.0  20.0 1000.0   492.0   492.0 200000.0 79300.0   0 7.85e-009
    2     3     5   36.0  20.0  20.0 1000.0   492.0   492.0 200000.0 79300.0   0 7.85e-009
    3     3     4   36.0  20.0  20.0 1000.0   492.0   492.0 200000.0 79300.0   0 7.85e-009
    4     3     1   36.0  20.0  20.0 1000.0   492.0   492.0 200000.0 79300.0   0 7.85e-009
  Include shear deformations.
  Include geometric stiffness.

L O A D   C A S E   1   O F   3  ... 

   Gravity X =  0.0    Gravity Y =  0.0    Gravity Z =  -9806.330 
   1 concentrated loads
   0 uniformly distributed loads
   0 trapezoidally distributed loads
   0 concentrated point loads
   0 temperature loads
   0 prescribed displacements
 N O D A L   L O A D S  +  E Q U I V A L E N T   N O D A L   L O A D S  (global)
  Node        Fx          Fy          Fz          Mxx         Myy         Mzz
     1       0.000       0.000      -2.498     374.698     499.598       0.000
     2       0.000       0.000      -2.498    -374.698     499.598       0.000
     3     100.000    -200.000    -109.992       0.000       0.000       0.000
     4       0.000       0.000      -2.498     374.698    -499.598       0.000
     5       0.000       0.000      -2.498    -374.698    -499.598       0.000

L O A D   C A S E   2   O F   3  ... 

   Gravity X =  0.0    Gravity Y =  0.0    Gravity Z =  -9806.330 
   0 concentrated loads
   2 uniformly distributed loads
   2 trapezoidally distributed loads
   0 concentrated point loads
   1 temperature loads
   0 prescribed displacements
 N O D A L   L O A D S  +  E Q U I V A L E N T   N O D A L   L O A D S  (global)
  Node        Fx          Fy          Fz          Mxx         Myy         Mzz
     1      -2.190       1.447       1.432    -971.103   -1378.196     -75.053
     2     -40.000     -30.000      72.502   15875.302  -21167.069       0.000
     3      11.408      39.715      68.662   -1199.363   12927.602   23221.728
     4       2.134       1.600       1.401   -1011.131    1348.175       0.000
     5      54.083      72.111      -2.498  -12393.203    8514.281  -22534.696
 U N I F O R M   L O A D S						(local)
  Elmnt       Ux               Uy               Uz
     1       0.00000000       0.00000000       0.10000000
     2       0.00000000       0.10000000       0.00000000
 T R A P E Z O I D A L   L O A D S					(local)
  Elmnt       x1               x2               W1               W2
     3      20.00000000      80.00000000       0.01000000       0.05000000  (x)
     3       0.00000000       0.00000000       0.00000000       0.00000000  (y)
     3      80.00000000     830.00000000      -0.05000000       0.07000000  (z)
     4       0.00000000       0.00000000       0.00000000       0.00000000  (x)
     4      68.00000000     330.00000000       0.05000000       0.00000000  (y)
     4      80.00000000     830.00000000      -0.05000000       0.07000000  (z)
 T E M P E R A T U R E   C H A N G E S					(local)
  Elmnt     coef      hy        hz        Ty+       Ty-       Tz+       Tz-
     1 1.20e-005    10.000    10.000    20.000    10.000    10.000   -10.000

L O A D   C A S E   3   O F   3  ... 

   Gravity X =  0.0    Gravity Y =  0.0    Gravity Z =  -9806.330 
   0 concentrated loads
   0 uniformly distributed loads
   0 trapezoidally distributed loads
   2 concentrated point loads
   0 temperature loads
   0 prescribed displacements
 N O D A L   L O A D S  +  E Q U I V A L E N T   N O D A L   L O A D S  (global)
  Node        Fx          Fy          Fz          Mxx         Myy         Mzz
     1       0.000       0.000      -2.498     374.698     499.598       0.000
     2     118.793      56.771    -196.144  -66414.542  100871.307  -11086.726
     3     322.342      30.454    -468.009   80692.799 -224299.997  -18968.324
     4       0.000       0.000      -2.498     374.698    -499.598       0.000
     5     -12.999     -94.251      66.729   40848.692   17951.709   32861.892
 C O N C E N T R A T E D   P O I N T   L O A D S				(local)
  Elmnt       Px          Py          Pz          x
     1       0.000     100.000    -900.000     600.000
     2       0.000    -200.000     200.000     800.000

E L A S T I C   S T I F F N E S S   A N A L Y S I S   via  L D L'  decomposition


L O A D   C A S E   1   O F   3  ... 

N O D E   D I S P L A C E M E N T S  					(global)
  Node    X-dsp       Y-dsp       Z-dsp       X-rot       Y-rot       Z-rot
     3    0.014127   -0.050229   -0.022374    0.000037    0.000009    0.000000
F R A M E   E L E M E N T   E N D   F O R C E S				(local)
  Elmnt  Node       Nx          Vy         Vz        Txx        Myy        Mzz
     1      3    110.772       0.003      2.075     -1.288   -620.136      4.574
     1      2   -113.543      -0.003      2.082      1.288    627.687      6.040
     2      3    185.886      -0.000      2.074      0.904   -620.115     -2.776
     2      5   -188.657       0.000      2.083     -0.904    627.324     -3.505
     3      3    -14.410      -0.007      2.075      1.284   -622.617     -4.570
     3      4     11.639       0.007      2.082     -1.284    628.132     -6.782
     4      3    -89.524       0.006      2.073     -0.907   -623.614      2.767
     4      1     86.753      -0.006      2.084      0.907    629.367      4.620
R E A C T I O N S							(global)
  Node        Fx          Fy          Fz         Mxx         Myy         Mzz
     1     -58.667      44.008     -46.388    -380.282    -501.508       3.345
     2      74.653      55.994      64.715     373.070    -504.806       4.318
     4       8.667       6.509      -4.724    -380.751     499.609      -4.937
     5    -124.653      93.490     106.381     374.233     503.476      -2.420
R M S    R E L A T I V E    E Q U I L I B R I U M    E R R O R: 1.549e-032

P E A K   F R A M E   E L E M E N T   I N T E R N A L   F O R C E S(local)", 
  Elmnt   .         Nx          Vy         Vz        Txx        Myy        Mzz
     1   max    -110.772      -0.003      2.082      1.288    312.837      6.040
     1   min    -113.543      -0.003     -2.075      1.288   -627.687     -4.574
     2   max    -185.886       0.000      2.083     -0.904    313.030      2.776
     2   min    -188.657       0.000     -2.074     -0.904   -627.324     -3.505
     3   max      14.410       0.007      2.082     -1.284    311.373      4.570
     3   min      11.639       0.007     -2.075     -1.284   -628.132     -6.782
     4   max      89.524      -0.006      2.084      0.907    310.260      4.620
     4   min      86.753      -0.006     -2.073      0.907   -629.367     -2.767

L O A D   C A S E   2   O F   3  ... 

N O D E   D I S P L A C E M E N T S  					(global)
  Node    X-dsp       Y-dsp       Z-dsp       X-rot       Y-rot       Z-rot
     3    0.063726    0.091961    0.087069   -0.007153    0.020771    0.035717
F R A M E   E L E M E N T   E N D   F O R C E S				(local)
  Elmnt  Node       Nx          Vy         Vz        Txx        Myy        Mzz
     1      3    100.955       6.115    -83.115  -1118.192  21511.093   7888.725
     1      2   -103.727      -6.115    -93.006   1118.192 -30419.288   3155.047
     2      3   -208.220     -86.130     -0.391  -1537.059   2664.535 -21799.637
     2      5    205.449     -94.148      4.548   1537.059   1802.052  29004.051
     3      3    156.748       5.545     -4.149   -624.782   5946.717   6023.757
     3      4   -161.319      -5.545      0.806    624.782    775.762   3978.595
     4      3   -180.333       1.512      1.785   -205.915  -1027.900   9553.059
     4      1    177.562      -8.062     -5.128    205.915  -2912.545   3983.413
R E A C T I O N S							(global)
  Node        Fx          Fy          Fz         Mxx         Myy         Mzz
     1    -111.076      93.391    -102.762    -156.358    3756.679    3197.399
     2     107.044      85.847     -18.719  -21332.499   23039.893    2847.317
     4    -103.687     -84.710      90.160    1715.538    2251.387    2958.614
     5      82.284    -179.401    -110.177   14973.935   -8979.182   23278.812
R M S    R E L A T I V E    E Q U I L I B R I U M    E R R O R: 5.463e-029

P E A K   F R A M E   E L E M E N T   I N T E R N A L   F O R C E S(local)", 
  Elmnt   .         Nx          Vy         Vz        Txx        Myy        Mzz
     1   max    -100.955      -6.115     83.115   1118.192  30419.288   3155.047
     1   min    -103.727      -6.115    -93.006   1118.192 -13843.910  -7888.725
     2   max     208.220      86.130      4.548   1537.059   2664.535  29004.051
     2   min     205.449     -94.148      0.391   1537.059  -1802.052 -15302.924
     3   max    -156.748      -5.545     12.489    624.782   5946.717   3978.595
     3   min    -161.319      -5.545     -1.676    624.782  -1016.384  -6023.757
     4   max     180.333      -1.512      6.555    205.915   2912.545   3983.413
     4   min     177.562      -8.062     -7.610    205.915  -3519.440  -9553.059

L O A D   C A S E   3   O F   3  ... 

N O D E   D I S P L A C E M E N T S  					(global)
  Node    X-dsp       Y-dsp       Z-dsp       X-rot       Y-rot       Z-rot
     3    0.024971   -0.008302   -0.093862    0.176582   -0.407360   -0.024969
F R A M E   E L E M E N T   E N D   F O R C E S				(local)
  Elmnt  Node       Nx          Vy         Vz        Txx        Myy        Mzz
     1      3    156.721     -68.096    597.731   4384.541 -163108.086 -20132.271
     1      2   -159.493     -31.904    306.425  -4384.541 171791.099  17651.502
     2      3    289.491     146.266    -81.171  14725.173  16252.688  78167.221
     2      5   -292.262      53.734   -114.672 -14725.173 -66709.199 -15035.794
     3      3    256.387     -12.156     69.380  -3166.065 -68128.035 -12196.949
     3      4   -259.158      12.156    -65.223   3166.065 -53183.730  -9723.480
     4      3    123.617     -39.697    -35.130 -13506.697  40794.679 -44186.270
     4      1   -126.388      39.697     39.287  13506.697  26294.654 -27379.332
R E A C T I O N S							(global)
  Node        Fx          Fy          Fz         Mxx         Myy         Mzz
     1      42.844     -81.795     102.821  -12614.838  -23384.297  -30256.553
     2     -48.987       3.146     343.482   98139.756 -141089.093   17116.385
     4    -208.776    -141.373      89.436   29683.904  -44171.745   -9841.079
     5    -213.217     227.048      66.680  -56494.620  -40992.615   -4356.700
R M S    R E L A T I V E    E Q U I L I B R I U M    E R R O R: 1.161e-028

P E A K   F R A M E   E L E M E N T   I N T E R N A L   F O R C E S(local)", 
  Elmnt   .         Nx          Vy         Vz        Txx        Myy        Mzz
     1   max    -156.721      68.096    306.425  -4384.541 190611.183  20132.271
     1   min    -159.493     -31.904   -597.731  -4384.541 -171791.099 -20224.170
     2   max    -289.491      53.734     82.969 -14725.173  66709.199  37846.367
     2   min    -292.262    -146.266   -116.938 -14725.173 -48430.216 -78167.221
     3   max    -256.387      12.156    -65.223   3166.065  53183.730  12196.949
     3   min    -259.158      12.156    -69.380   3166.065 -68128.035  -9723.480
     4   max    -123.617      39.697     39.287  13506.697  40794.679  44186.270
     4   min    -126.388      39.697     35.130  13506.697 -26294.654 -27379.332

